<?xml version="1.0" encoding="UTF-8"?>
<!-- Generated by org.testng.reporters.JUnitXMLReporter -->
<testsuite hostname="Rakesh-PC" ignored="0" name="GmailLogin" tests="3" failures="1" timestamp="31 Mar 2018 11:36:52 GMT" time="54.785" errors="0">
  <testcase name="doLogin" time="52.311" classname="com.omayo.hybrid.testcases.GmailLogin">
    <failure type="java.lang.AssertionError" message="Failure in element extraction: emailLoginTextField_id">
      <![CDATA[java.lang.AssertionError: Failure in element extraction: emailLoginTextField_id
at com.omayo.hybrid.GenericKeywords.getElement(GenericKeywords.java:171)
at com.omayo.hybrid.GenericKeywords.input(GenericKeywords.java:92)
at com.omayo.hybrid.Keywords.executeKeyWords(Keywords.java:58)
at com.omayo.hybrid.testcases.GmailLogin.doLogin(GmailLogin.java:59)
... Removed 26 stack frames]]>
    </failure>
  </testcase> <!-- doLogin -->
  <testcase name="doLogin" time="0.004" classname="com.omayo.hybrid.testcases.GmailLogin">
    <skipped/>
  </testcase> <!-- doLogin -->
  <testcase name="doLogin" time="0.002" classname="com.omayo.hybrid.testcases.GmailLogin">
    <skipped/>
  </testcase> <!-- doLogin -->
</testsuite> <!-- GmailLogin -->
